2017-08-20 23:19:50 - PHP Notice:  Array to string conversion in /var/www/test_project/opencart/catalog/language/ru-ru/information/partnership.php on line 3
2017-08-20 23:20:01 - PHP Notice:  Array to string conversion in /var/www/test_project/opencart/catalog/language/ru-ru/information/partnership.php on line 3
2017-08-20 23:33:46 - PHP Notice:  Undefined variable: name in /var/www/test_project/opencart/catalog/language/ru-ru/information/partnership.php on line 3
2017-08-20 23:34:40 - PHP Notice:  Array to string conversion in /var/www/test_project/opencart/catalog/language/ru-ru/information/partnership.php on line 3
2017-08-29 7:34:00 - PHP Notice:  Undefined index: id in /var/www/test_project/opencart/admin/controller/catalog/partnership.php on line 25
2017-08-29 7:34:00 - PHP Notice:  Undefined index: id in /var/www/test_project/opencart/admin/controller/catalog/partnership.php on line 28
2017-08-29 7:34:00 - PHP Notice:  Undefined index: id in /var/www/test_project/opencart/admin/controller/catalog/partnership.php on line 25
2017-08-29 7:34:00 - PHP Notice:  Undefined index: id in /var/www/test_project/opencart/admin/controller/catalog/partnership.php on line 28
2017-08-29 7:34:00 - PHP Notice:  Undefined index: id in /var/www/test_project/opencart/admin/controller/catalog/partnership.php on line 25
2017-08-29 7:34:00 - PHP Notice:  Undefined index: id in /var/www/test_project/opencart/admin/controller/catalog/partnership.php on line 28
2017-08-29 7:34:00 - PHP Notice:  Undefined index: id in /var/www/test_project/opencart/admin/controller/catalog/partnership.php on line 25
2017-08-29 7:34:00 - PHP Notice:  Undefined index: id in /var/www/test_project/opencart/admin/controller/catalog/partnership.php on line 28
2017-08-29 7:34:00 - PHP Notice:  Undefined index: id in /var/www/test_project/opencart/admin/controller/catalog/partnership.php on line 25
2017-08-29 7:34:00 - PHP Notice:  Undefined index: id in /var/www/test_project/opencart/admin/controller/catalog/partnership.php on line 28
2017-08-29 7:34:00 - PHP Notice:  Undefined index: id in /var/www/test_project/opencart/admin/controller/catalog/partnership.php on line 25
2017-08-29 7:34:00 - PHP Notice:  Undefined index: id in /var/www/test_project/opencart/admin/controller/catalog/partnership.php on line 28
2017-08-29 7:34:00 - PHP Notice:  Undefined index: id in /var/www/test_project/opencart/admin/controller/catalog/partnership.php on line 25
2017-08-29 7:34:00 - PHP Notice:  Undefined index: id in /var/www/test_project/opencart/admin/controller/catalog/partnership.php on line 28
2017-08-29 7:34:00 - PHP Notice:  Undefined index: id in /var/www/test_project/opencart/admin/controller/catalog/partnership.php on line 25
2017-08-29 7:34:00 - PHP Notice:  Undefined index: id in /var/www/test_project/opencart/admin/controller/catalog/partnership.php on line 28
2017-08-29 7:34:00 - PHP Notice:  Undefined index: id in /var/www/test_project/opencart/admin/controller/catalog/partnership.php on line 25
2017-08-29 7:34:00 - PHP Notice:  Undefined index: id in /var/www/test_project/opencart/admin/controller/catalog/partnership.php on line 28
2017-08-29 7:34:00 - PHP Notice:  Undefined index: id in /var/www/test_project/opencart/admin/controller/catalog/partnership.php on line 25
2017-08-29 7:34:00 - PHP Notice:  Undefined index: id in /var/www/test_project/opencart/admin/controller/catalog/partnership.php on line 28
2017-08-29 7:34:00 - PHP Notice:  Undefined index: id in /var/www/test_project/opencart/admin/controller/catalog/partnership.php on line 25
2017-08-29 7:34:00 - PHP Notice:  Undefined index: id in /var/www/test_project/opencart/admin/controller/catalog/partnership.php on line 28
2017-08-29 7:34:00 - PHP Notice:  Undefined index: id in /var/www/test_project/opencart/admin/controller/catalog/partnership.php on line 25
2017-08-29 7:34:00 - PHP Notice:  Undefined index: id in /var/www/test_project/opencart/admin/controller/catalog/partnership.php on line 28
2017-08-29 7:34:00 - PHP Notice:  Undefined index: id in /var/www/test_project/opencart/admin/controller/catalog/partnership.php on line 25
2017-08-29 7:34:00 - PHP Notice:  Undefined index: id in /var/www/test_project/opencart/admin/controller/catalog/partnership.php on line 28
2017-08-29 7:34:00 - PHP Notice:  Undefined index: id in /var/www/test_project/opencart/admin/controller/catalog/partnership.php on line 25
2017-08-29 7:34:00 - PHP Notice:  Undefined index: id in /var/www/test_project/opencart/admin/controller/catalog/partnership.php on line 28
2017-08-29 7:34:00 - PHP Notice:  Undefined index: id in /var/www/test_project/opencart/admin/controller/catalog/partnership.php on line 25
2017-08-29 7:34:00 - PHP Notice:  Undefined index: id in /var/www/test_project/opencart/admin/controller/catalog/partnership.php on line 28
2017-08-29 7:34:00 - PHP Notice:  Undefined index: id in /var/www/test_project/opencart/admin/controller/catalog/partnership.php on line 25
2017-08-29 7:34:00 - PHP Notice:  Undefined index: id in /var/www/test_project/opencart/admin/controller/catalog/partnership.php on line 28
2017-08-29 7:34:00 - PHP Notice:  Undefined index: id in /var/www/test_project/opencart/admin/controller/catalog/partnership.php on line 25
2017-08-29 7:34:00 - PHP Notice:  Undefined index: id in /var/www/test_project/opencart/admin/controller/catalog/partnership.php on line 28
2017-08-29 7:34:00 - PHP Notice:  Undefined index: id in /var/www/test_project/opencart/admin/controller/catalog/partnership.php on line 25
2017-08-29 7:34:00 - PHP Notice:  Undefined index: id in /var/www/test_project/opencart/admin/controller/catalog/partnership.php on line 28
2017-08-29 7:34:00 - PHP Notice:  Undefined index: id in /var/www/test_project/opencart/admin/controller/catalog/partnership.php on line 25
2017-08-29 7:34:00 - PHP Notice:  Undefined index: id in /var/www/test_project/opencart/admin/controller/catalog/partnership.php on line 28
2017-08-29 7:34:00 - PHP Notice:  Undefined index: id in /var/www/test_project/opencart/admin/controller/catalog/partnership.php on line 25
2017-08-29 7:34:00 - PHP Notice:  Undefined index: id in /var/www/test_project/opencart/admin/controller/catalog/partnership.php on line 28
2017-08-29 7:34:00 - PHP Notice:  Undefined index: id in /var/www/test_project/opencart/admin/controller/catalog/partnership.php on line 25
2017-08-29 7:34:00 - PHP Notice:  Undefined index: id in /var/www/test_project/opencart/admin/controller/catalog/partnership.php on line 28
2017-08-29 7:34:00 - PHP Notice:  Undefined index: id in /var/www/test_project/opencart/admin/controller/catalog/partnership.php on line 25
2017-08-29 7:34:00 - PHP Notice:  Undefined index: id in /var/www/test_project/opencart/admin/controller/catalog/partnership.php on line 28
2017-08-29 7:34:00 - PHP Notice:  Undefined index: id in /var/www/test_project/opencart/admin/controller/catalog/partnership.php on line 25
2017-08-29 7:34:00 - PHP Notice:  Undefined index: id in /var/www/test_project/opencart/admin/controller/catalog/partnership.php on line 28
2017-08-29 7:34:00 - PHP Notice:  Undefined index: id in /var/www/test_project/opencart/admin/controller/catalog/partnership.php on line 25
2017-08-29 7:34:00 - PHP Notice:  Undefined index: id in /var/www/test_project/opencart/admin/controller/catalog/partnership.php on line 28
2017-08-29 7:34:00 - PHP Notice:  Undefined index: id in /var/www/test_project/opencart/admin/controller/catalog/partnership.php on line 25
2017-08-29 7:34:00 - PHP Notice:  Undefined index: id in /var/www/test_project/opencart/admin/controller/catalog/partnership.php on line 28
2017-08-29 7:34:00 - PHP Notice:  Undefined index: id in /var/www/test_project/opencart/admin/controller/catalog/partnership.php on line 25
2017-08-29 7:34:00 - PHP Notice:  Undefined index: id in /var/www/test_project/opencart/admin/controller/catalog/partnership.php on line 28
2017-08-29 7:37:17 - PHP Notice:  Undefined index: id in /var/www/test_project/opencart/admin/controller/catalog/partnership.php on line 25
2017-08-29 7:37:17 - PHP Notice:  Undefined index: id in /var/www/test_project/opencart/admin/controller/catalog/partnership.php on line 28
2017-08-29 7:37:17 - PHP Notice:  Undefined index: id in /var/www/test_project/opencart/admin/controller/catalog/partnership.php on line 25
2017-08-29 7:37:17 - PHP Notice:  Undefined index: id in /var/www/test_project/opencart/admin/controller/catalog/partnership.php on line 28
2017-08-29 7:37:17 - PHP Notice:  Undefined index: id in /var/www/test_project/opencart/admin/controller/catalog/partnership.php on line 25
2017-08-29 7:37:17 - PHP Notice:  Undefined index: id in /var/www/test_project/opencart/admin/controller/catalog/partnership.php on line 28
2017-08-29 7:37:17 - PHP Notice:  Undefined index: id in /var/www/test_project/opencart/admin/controller/catalog/partnership.php on line 25
2017-08-29 7:37:17 - PHP Notice:  Undefined index: id in /var/www/test_project/opencart/admin/controller/catalog/partnership.php on line 28
2017-08-29 7:37:17 - PHP Notice:  Undefined index: id in /var/www/test_project/opencart/admin/controller/catalog/partnership.php on line 25
2017-08-29 7:37:17 - PHP Notice:  Undefined index: id in /var/www/test_project/opencart/admin/controller/catalog/partnership.php on line 28
2017-08-29 7:37:17 - PHP Notice:  Undefined index: id in /var/www/test_project/opencart/admin/controller/catalog/partnership.php on line 25
2017-08-29 7:37:17 - PHP Notice:  Undefined index: id in /var/www/test_project/opencart/admin/controller/catalog/partnership.php on line 28
2017-08-29 7:37:17 - PHP Notice:  Undefined index: id in /var/www/test_project/opencart/admin/controller/catalog/partnership.php on line 25
2017-08-29 7:37:17 - PHP Notice:  Undefined index: id in /var/www/test_project/opencart/admin/controller/catalog/partnership.php on line 28
2017-08-29 7:37:17 - PHP Notice:  Undefined index: id in /var/www/test_project/opencart/admin/controller/catalog/partnership.php on line 25
2017-08-29 7:37:17 - PHP Notice:  Undefined index: id in /var/www/test_project/opencart/admin/controller/catalog/partnership.php on line 28
2017-08-29 7:37:17 - PHP Notice:  Undefined index: id in /var/www/test_project/opencart/admin/controller/catalog/partnership.php on line 25
2017-08-29 7:37:17 - PHP Notice:  Undefined index: id in /var/www/test_project/opencart/admin/controller/catalog/partnership.php on line 28
2017-08-29 7:37:17 - PHP Notice:  Undefined index: id in /var/www/test_project/opencart/admin/controller/catalog/partnership.php on line 25
2017-08-29 7:37:17 - PHP Notice:  Undefined index: id in /var/www/test_project/opencart/admin/controller/catalog/partnership.php on line 28
2017-08-29 7:37:17 - PHP Notice:  Undefined index: id in /var/www/test_project/opencart/admin/controller/catalog/partnership.php on line 25
2017-08-29 7:37:17 - PHP Notice:  Undefined index: id in /var/www/test_project/opencart/admin/controller/catalog/partnership.php on line 28
2017-08-29 7:37:17 - PHP Notice:  Undefined index: id in /var/www/test_project/opencart/admin/controller/catalog/partnership.php on line 25
2017-08-29 7:37:17 - PHP Notice:  Undefined index: id in /var/www/test_project/opencart/admin/controller/catalog/partnership.php on line 28
2017-08-29 7:37:17 - PHP Notice:  Undefined index: id in /var/www/test_project/opencart/admin/controller/catalog/partnership.php on line 25
2017-08-29 7:37:17 - PHP Notice:  Undefined index: id in /var/www/test_project/opencart/admin/controller/catalog/partnership.php on line 28
2017-08-29 7:37:17 - PHP Notice:  Undefined index: id in /var/www/test_project/opencart/admin/controller/catalog/partnership.php on line 25
2017-08-29 7:37:17 - PHP Notice:  Undefined index: id in /var/www/test_project/opencart/admin/controller/catalog/partnership.php on line 28
2017-08-29 7:37:17 - PHP Notice:  Undefined index: id in /var/www/test_project/opencart/admin/controller/catalog/partnership.php on line 25
2017-08-29 7:37:17 - PHP Notice:  Undefined index: id in /var/www/test_project/opencart/admin/controller/catalog/partnership.php on line 28
2017-08-29 7:37:17 - PHP Notice:  Undefined index: id in /var/www/test_project/opencart/admin/controller/catalog/partnership.php on line 25
2017-08-29 7:37:17 - PHP Notice:  Undefined index: id in /var/www/test_project/opencart/admin/controller/catalog/partnership.php on line 28
2017-08-29 7:37:17 - PHP Notice:  Undefined index: id in /var/www/test_project/opencart/admin/controller/catalog/partnership.php on line 25
2017-08-29 7:37:17 - PHP Notice:  Undefined index: id in /var/www/test_project/opencart/admin/controller/catalog/partnership.php on line 28
2017-08-29 7:37:17 - PHP Notice:  Undefined index: id in /var/www/test_project/opencart/admin/controller/catalog/partnership.php on line 25
2017-08-29 7:37:17 - PHP Notice:  Undefined index: id in /var/www/test_project/opencart/admin/controller/catalog/partnership.php on line 28
2017-08-29 7:37:17 - PHP Notice:  Undefined index: id in /var/www/test_project/opencart/admin/controller/catalog/partnership.php on line 25
2017-08-29 7:37:17 - PHP Notice:  Undefined index: id in /var/www/test_project/opencart/admin/controller/catalog/partnership.php on line 28
2017-08-29 7:37:17 - PHP Notice:  Undefined index: id in /var/www/test_project/opencart/admin/controller/catalog/partnership.php on line 25
2017-08-29 7:37:17 - PHP Notice:  Undefined index: id in /var/www/test_project/opencart/admin/controller/catalog/partnership.php on line 28
2017-08-29 7:37:17 - PHP Notice:  Undefined index: id in /var/www/test_project/opencart/admin/controller/catalog/partnership.php on line 25
2017-08-29 7:37:17 - PHP Notice:  Undefined index: id in /var/www/test_project/opencart/admin/controller/catalog/partnership.php on line 28
2017-08-29 7:37:17 - PHP Notice:  Undefined index: id in /var/www/test_project/opencart/admin/controller/catalog/partnership.php on line 25
2017-08-29 7:37:17 - PHP Notice:  Undefined index: id in /var/www/test_project/opencart/admin/controller/catalog/partnership.php on line 28
2017-08-29 7:37:17 - PHP Notice:  Undefined index: id in /var/www/test_project/opencart/admin/controller/catalog/partnership.php on line 25
2017-08-29 7:37:17 - PHP Notice:  Undefined index: id in /var/www/test_project/opencart/admin/controller/catalog/partnership.php on line 28
2017-08-29 7:37:17 - PHP Notice:  Undefined index: id in /var/www/test_project/opencart/admin/controller/catalog/partnership.php on line 25
2017-08-29 7:37:17 - PHP Notice:  Undefined index: id in /var/www/test_project/opencart/admin/controller/catalog/partnership.php on line 28
2017-08-29 7:37:17 - PHP Notice:  Undefined index: id in /var/www/test_project/opencart/admin/controller/catalog/partnership.php on line 25
2017-08-29 7:37:17 - PHP Notice:  Undefined index: id in /var/www/test_project/opencart/admin/controller/catalog/partnership.php on line 28
2017-08-29 7:37:17 - PHP Notice:  Undefined index: id in /var/www/test_project/opencart/admin/controller/catalog/partnership.php on line 25
2017-08-29 7:37:17 - PHP Notice:  Undefined index: id in /var/www/test_project/opencart/admin/controller/catalog/partnership.php on line 28
2017-08-29 8:19:08 - PHP Notice:  Undefined index: _id in /var/www/test_project/opencart/admin/controller/catalog/partnership.php on line 25
2017-08-29 8:19:08 - PHP Notice:  Undefined index: _id in /var/www/test_project/opencart/admin/controller/catalog/partnership.php on line 25
2017-08-29 8:19:08 - PHP Notice:  Undefined index: _id in /var/www/test_project/opencart/admin/controller/catalog/partnership.php on line 25
2017-08-29 8:19:08 - PHP Notice:  Undefined index: _id in /var/www/test_project/opencart/admin/controller/catalog/partnership.php on line 25
2017-08-29 8:19:08 - PHP Notice:  Undefined index: _id in /var/www/test_project/opencart/admin/controller/catalog/partnership.php on line 25
2017-08-29 8:19:08 - PHP Notice:  Undefined index: _id in /var/www/test_project/opencart/admin/controller/catalog/partnership.php on line 25
2017-08-29 8:19:08 - PHP Notice:  Undefined index: _id in /var/www/test_project/opencart/admin/controller/catalog/partnership.php on line 25
2017-08-29 8:19:08 - PHP Notice:  Undefined index: _id in /var/www/test_project/opencart/admin/controller/catalog/partnership.php on line 25
2017-08-29 8:19:08 - PHP Notice:  Undefined index: _id in /var/www/test_project/opencart/admin/controller/catalog/partnership.php on line 25
2017-08-29 8:19:08 - PHP Notice:  Undefined index: _id in /var/www/test_project/opencart/admin/controller/catalog/partnership.php on line 25
2017-08-29 8:19:08 - PHP Notice:  Undefined index: _id in /var/www/test_project/opencart/admin/controller/catalog/partnership.php on line 25
2017-08-29 8:19:08 - PHP Notice:  Undefined index: _id in /var/www/test_project/opencart/admin/controller/catalog/partnership.php on line 25
2017-08-29 8:19:08 - PHP Notice:  Undefined index: _id in /var/www/test_project/opencart/admin/controller/catalog/partnership.php on line 25
2017-08-29 8:19:08 - PHP Notice:  Undefined index: _id in /var/www/test_project/opencart/admin/controller/catalog/partnership.php on line 25
2017-08-29 8:19:08 - PHP Notice:  Undefined index: _id in /var/www/test_project/opencart/admin/controller/catalog/partnership.php on line 25
2017-08-29 8:19:08 - PHP Notice:  Undefined index: _id in /var/www/test_project/opencart/admin/controller/catalog/partnership.php on line 25
2017-08-29 8:19:08 - PHP Notice:  Undefined index: _id in /var/www/test_project/opencart/admin/controller/catalog/partnership.php on line 25
2017-08-29 8:19:08 - PHP Notice:  Undefined index: _id in /var/www/test_project/opencart/admin/controller/catalog/partnership.php on line 25
2017-08-29 8:19:08 - PHP Notice:  Undefined index: _id in /var/www/test_project/opencart/admin/controller/catalog/partnership.php on line 25
2017-08-29 8:19:08 - PHP Notice:  Undefined index: _id in /var/www/test_project/opencart/admin/controller/catalog/partnership.php on line 25
2017-08-29 8:19:08 - PHP Notice:  Undefined index: _id in /var/www/test_project/opencart/admin/controller/catalog/partnership.php on line 25
2017-08-29 8:19:08 - PHP Notice:  Undefined index: _id in /var/www/test_project/opencart/admin/controller/catalog/partnership.php on line 25
2017-08-29 8:19:08 - PHP Notice:  Undefined index: _id in /var/www/test_project/opencart/admin/controller/catalog/partnership.php on line 25
2017-08-29 8:19:08 - PHP Notice:  Undefined index: _id in /var/www/test_project/opencart/admin/controller/catalog/partnership.php on line 25
2017-08-29 8:19:08 - PHP Notice:  Undefined index: _id in /var/www/test_project/opencart/admin/controller/catalog/partnership.php on line 25
2017-08-29 8:19:08 - PHP Notice:  Undefined index: _id in /var/www/test_project/opencart/admin/controller/catalog/partnership.php on line 25
2017-08-29 8:31:44 - PHP Unknown:  Object of class ControllerCatalogPartnership could not be converted to string in /var/www/test_project/opencart/admin/controller/catalog/partnership.php on line 63
2017-08-29 8:31:44 - PHP Notice:  Undefined variable:  in /var/www/test_project/opencart/admin/controller/catalog/partnership.php on line 63
2017-08-29 8:31:44 - PHP Notice:  Trying to get property of non-object in /var/www/test_project/opencart/admin/controller/catalog/partnership.php on line 63
2017-08-29 16:20:17 - PHP Notice:  Undefined index: name in /var/www/test_project/opencart/catalog/controller/information/partnership.php on line 180
2017-09-03 17:11:17 - PHP Warning:  Missing argument 1 for ModelCatalogPartnership::getPartnerships(), called in /var/www/test_project/opencart/system/storage/modification/system/engine/loader.php on line 248 and defined in /var/www/test_project/opencart/admin/model/catalog/partnership.php on line 3
2017-09-03 17:11:17 - PHP Warning:  Missing argument 2 for ModelCatalogPartnership::getPartnerships(), called in /var/www/test_project/opencart/system/storage/modification/system/engine/loader.php on line 248 and defined in /var/www/test_project/opencart/admin/model/catalog/partnership.php on line 3
2017-09-03 17:11:17 - PHP Warning:  Missing argument 3 for ModelCatalogPartnership::getPartnerships(), called in /var/www/test_project/opencart/system/storage/modification/system/engine/loader.php on line 248 and defined in /var/www/test_project/opencart/admin/model/catalog/partnership.php on line 3
2017-09-03 17:11:17 - PHP Notice:  Undefined variable: field_order in /var/www/test_project/opencart/admin/model/catalog/partnership.php on line 16
2017-09-03 17:11:17 - PHP Notice:  Undefined variable: sort_order in /var/www/test_project/opencart/admin/model/catalog/partnership.php on line 16
2017-09-03 17:12:58 - PHP Warning:  Missing argument 1 for ModelCatalogPartnership::getPartnerships(), called in /var/www/test_project/opencart/system/storage/modification/system/engine/loader.php on line 248 and defined in /var/www/test_project/opencart/admin/model/catalog/partnership.php on line 3
2017-09-03 17:12:58 - PHP Warning:  Missing argument 2 for ModelCatalogPartnership::getPartnerships(), called in /var/www/test_project/opencart/system/storage/modification/system/engine/loader.php on line 248 and defined in /var/www/test_project/opencart/admin/model/catalog/partnership.php on line 3
2017-09-03 17:12:58 - PHP Warning:  Missing argument 3 for ModelCatalogPartnership::getPartnerships(), called in /var/www/test_project/opencart/system/storage/modification/system/engine/loader.php on line 248 and defined in /var/www/test_project/opencart/admin/model/catalog/partnership.php on line 3
2017-09-03 17:12:58 - PHP Notice:  Undefined variable: field_order in /var/www/test_project/opencart/admin/model/catalog/partnership.php on line 16
2017-09-03 17:12:58 - PHP Notice:  Undefined variable: sort_order in /var/www/test_project/opencart/admin/model/catalog/partnership.php on line 16
2017-09-03 20:43:49 - PHP Warning:  Missing argument 1 for ModelCatalogPartnership::getPartnerships(), called in /var/www/test_project/opencart/system/storage/modification/system/engine/loader.php on line 248 and defined in /var/www/test_project/opencart/admin/model/catalog/partnership.php on line 12
2017-09-03 20:43:49 - PHP Warning:  Missing argument 2 for ModelCatalogPartnership::getPartnerships(), called in /var/www/test_project/opencart/system/storage/modification/system/engine/loader.php on line 248 and defined in /var/www/test_project/opencart/admin/model/catalog/partnership.php on line 12
2017-09-03 20:43:49 - PHP Warning:  Missing argument 3 for ModelCatalogPartnership::getPartnerships(), called in /var/www/test_project/opencart/system/storage/modification/system/engine/loader.php on line 248 and defined in /var/www/test_project/opencart/admin/model/catalog/partnership.php on line 12
2017-09-03 20:43:49 - PHP Notice:  Undefined variable: field_order in /var/www/test_project/opencart/admin/model/catalog/partnership.php on line 39
2017-09-03 20:43:49 - PHP Notice:  Undefined variable: sort_order in /var/www/test_project/opencart/admin/model/catalog/partnership.php on line 39
2017-09-03 20:47:59 - PHP Warning:  Missing argument 1 for ModelCatalogPartnership::getPartnerships(), called in /var/www/test_project/opencart/system/storage/modification/system/engine/loader.php on line 248 and defined in /var/www/test_project/opencart/admin/model/catalog/partnership.php on line 12
2017-09-03 20:47:59 - PHP Warning:  Missing argument 2 for ModelCatalogPartnership::getPartnerships(), called in /var/www/test_project/opencart/system/storage/modification/system/engine/loader.php on line 248 and defined in /var/www/test_project/opencart/admin/model/catalog/partnership.php on line 12
2017-09-03 20:47:59 - PHP Warning:  Missing argument 3 for ModelCatalogPartnership::getPartnerships(), called in /var/www/test_project/opencart/system/storage/modification/system/engine/loader.php on line 248 and defined in /var/www/test_project/opencart/admin/model/catalog/partnership.php on line 12
2017-09-03 20:47:59 - PHP Notice:  Undefined variable: field_order in /var/www/test_project/opencart/admin/model/catalog/partnership.php on line 39
2017-09-03 20:47:59 - PHP Notice:  Undefined variable: sort_order in /var/www/test_project/opencart/admin/model/catalog/partnership.php on line 39
2017-09-03 20:49:20 - PHP Warning:  Missing argument 1 for ModelCatalogPartnership::getPartnerships(), called in /var/www/test_project/opencart/system/storage/modification/system/engine/loader.php on line 248 and defined in /var/www/test_project/opencart/admin/model/catalog/partnership.php on line 12
2017-09-03 20:49:20 - PHP Warning:  Missing argument 2 for ModelCatalogPartnership::getPartnerships(), called in /var/www/test_project/opencart/system/storage/modification/system/engine/loader.php on line 248 and defined in /var/www/test_project/opencart/admin/model/catalog/partnership.php on line 12
2017-09-03 20:49:20 - PHP Warning:  Missing argument 3 for ModelCatalogPartnership::getPartnerships(), called in /var/www/test_project/opencart/system/storage/modification/system/engine/loader.php on line 248 and defined in /var/www/test_project/opencart/admin/model/catalog/partnership.php on line 12
2017-09-03 20:49:20 - PHP Notice:  Undefined variable: field_order in /var/www/test_project/opencart/admin/model/catalog/partnership.php on line 39
2017-09-03 20:49:20 - PHP Notice:  Undefined variable: sort_order in /var/www/test_project/opencart/admin/model/catalog/partnership.php on line 39
2017-09-03 20:49:23 - PHP Warning:  Missing argument 1 for ModelCatalogPartnership::getPartnerships(), called in /var/www/test_project/opencart/system/storage/modification/system/engine/loader.php on line 248 and defined in /var/www/test_project/opencart/admin/model/catalog/partnership.php on line 12
2017-09-03 20:49:23 - PHP Warning:  Missing argument 2 for ModelCatalogPartnership::getPartnerships(), called in /var/www/test_project/opencart/system/storage/modification/system/engine/loader.php on line 248 and defined in /var/www/test_project/opencart/admin/model/catalog/partnership.php on line 12
2017-09-03 20:49:23 - PHP Warning:  Missing argument 3 for ModelCatalogPartnership::getPartnerships(), called in /var/www/test_project/opencart/system/storage/modification/system/engine/loader.php on line 248 and defined in /var/www/test_project/opencart/admin/model/catalog/partnership.php on line 12
2017-09-03 20:49:23 - PHP Notice:  Undefined variable: field_order in /var/www/test_project/opencart/admin/model/catalog/partnership.php on line 39
2017-09-03 20:49:23 - PHP Notice:  Undefined variable: sort_order in /var/www/test_project/opencart/admin/model/catalog/partnership.php on line 39
2017-09-03 20:50:59 - PHP Warning:  Missing argument 1 for ModelCatalogPartnership::getPartnerships(), called in /var/www/test_project/opencart/system/storage/modification/system/engine/loader.php on line 248 and defined in /var/www/test_project/opencart/admin/model/catalog/partnership.php on line 12
2017-09-03 20:50:59 - PHP Warning:  Missing argument 2 for ModelCatalogPartnership::getPartnerships(), called in /var/www/test_project/opencart/system/storage/modification/system/engine/loader.php on line 248 and defined in /var/www/test_project/opencart/admin/model/catalog/partnership.php on line 12
2017-09-03 20:50:59 - PHP Warning:  Missing argument 3 for ModelCatalogPartnership::getPartnerships(), called in /var/www/test_project/opencart/system/storage/modification/system/engine/loader.php on line 248 and defined in /var/www/test_project/opencart/admin/model/catalog/partnership.php on line 12
2017-09-03 20:50:59 - PHP Notice:  Undefined variable: field_order in /var/www/test_project/opencart/admin/model/catalog/partnership.php on line 39
2017-09-03 20:50:59 - PHP Notice:  Undefined variable: sort_order in /var/www/test_project/opencart/admin/model/catalog/partnership.php on line 39
2017-09-03 20:51:23 - PHP Warning:  Missing argument 1 for ModelCatalogPartnership::getPartnerships(), called in /var/www/test_project/opencart/system/storage/modification/system/engine/loader.php on line 248 and defined in /var/www/test_project/opencart/admin/model/catalog/partnership.php on line 12
2017-09-03 20:51:23 - PHP Warning:  Missing argument 2 for ModelCatalogPartnership::getPartnerships(), called in /var/www/test_project/opencart/system/storage/modification/system/engine/loader.php on line 248 and defined in /var/www/test_project/opencart/admin/model/catalog/partnership.php on line 12
2017-09-03 20:51:23 - PHP Warning:  Missing argument 3 for ModelCatalogPartnership::getPartnerships(), called in /var/www/test_project/opencart/system/storage/modification/system/engine/loader.php on line 248 and defined in /var/www/test_project/opencart/admin/model/catalog/partnership.php on line 12
2017-09-03 20:51:23 - PHP Notice:  Undefined variable: field_order in /var/www/test_project/opencart/admin/model/catalog/partnership.php on line 39
2017-09-03 20:51:23 - PHP Notice:  Undefined variable: sort_order in /var/www/test_project/opencart/admin/model/catalog/partnership.php on line 39
2017-09-03 20:51:25 - PHP Warning:  Missing argument 1 for ModelCatalogPartnership::getPartnerships(), called in /var/www/test_project/opencart/system/storage/modification/system/engine/loader.php on line 248 and defined in /var/www/test_project/opencart/admin/model/catalog/partnership.php on line 12
2017-09-03 20:51:25 - PHP Warning:  Missing argument 2 for ModelCatalogPartnership::getPartnerships(), called in /var/www/test_project/opencart/system/storage/modification/system/engine/loader.php on line 248 and defined in /var/www/test_project/opencart/admin/model/catalog/partnership.php on line 12
2017-09-03 20:51:25 - PHP Warning:  Missing argument 3 for ModelCatalogPartnership::getPartnerships(), called in /var/www/test_project/opencart/system/storage/modification/system/engine/loader.php on line 248 and defined in /var/www/test_project/opencart/admin/model/catalog/partnership.php on line 12
2017-09-03 20:51:25 - PHP Notice:  Undefined variable: field_order in /var/www/test_project/opencart/admin/model/catalog/partnership.php on line 39
2017-09-03 20:51:25 - PHP Notice:  Undefined variable: sort_order in /var/www/test_project/opencart/admin/model/catalog/partnership.php on line 39
2017-09-03 20:53:07 - PHP Warning:  Missing argument 1 for ModelCatalogPartnership::getPartnerships(), called in /var/www/test_project/opencart/system/storage/modification/system/engine/loader.php on line 248 and defined in /var/www/test_project/opencart/admin/model/catalog/partnership.php on line 12
2017-09-03 20:53:07 - PHP Warning:  Missing argument 2 for ModelCatalogPartnership::getPartnerships(), called in /var/www/test_project/opencart/system/storage/modification/system/engine/loader.php on line 248 and defined in /var/www/test_project/opencart/admin/model/catalog/partnership.php on line 12
2017-09-03 20:53:07 - PHP Warning:  Missing argument 3 for ModelCatalogPartnership::getPartnerships(), called in /var/www/test_project/opencart/system/storage/modification/system/engine/loader.php on line 248 and defined in /var/www/test_project/opencart/admin/model/catalog/partnership.php on line 12
2017-09-03 20:53:07 - PHP Notice:  Undefined variable: field_order in /var/www/test_project/opencart/admin/model/catalog/partnership.php on line 39
2017-09-03 20:53:07 - PHP Notice:  Undefined variable: sort_order in /var/www/test_project/opencart/admin/model/catalog/partnership.php on line 39
2017-09-03 21:13:02 - PHP Notice:  Undefined index: name in /var/www/test_project/opencart/catalog/controller/information/partnership.php on line 246
2017-09-03 21:13:02 - PHP Warning:  Cannot modify header information - headers already sent by (output started at /var/www/test_project/opencart/catalog/controller/startup/error.php:34) in /var/www/test_project/opencart/catalog/controller/information/partnership.php on line 246
2017-09-03 21:13:40 - PHP Notice:  Undefined index: name in /var/www/test_project/opencart/catalog/controller/information/partnership.php on line 246
2017-09-03 21:13:40 - PHP Warning:  Cannot modify header information - headers already sent by (output started at /var/www/test_project/opencart/catalog/controller/startup/error.php:34) in /var/www/test_project/opencart/catalog/controller/information/partnership.php on line 246
2017-09-03 21:15:48 - PHP Notice:  Undefined index: name in /var/www/test_project/opencart/catalog/controller/information/partnership.php on line 246
2017-09-03 21:15:48 - PHP Warning:  Cannot modify header information - headers already sent by (output started at /var/www/test_project/opencart/catalog/controller/startup/error.php:34) in /var/www/test_project/opencart/catalog/controller/information/partnership.php on line 246
2017-09-03 21:17:39 - PHP Warning:  setcookie() expects parameter 2 to be string, array given in /var/www/test_project/opencart/catalog/controller/information/partnership.php on line 246
2017-09-03 21:18:05 - PHP Warning:  setcookie() expects parameter 2 to be string, array given in /var/www/test_project/opencart/catalog/controller/information/partnership.php on line 246
2017-09-03 21:18:08 - PHP Warning:  setcookie() expects parameter 2 to be string, array given in /var/www/test_project/opencart/catalog/controller/information/partnership.php on line 246
2017-09-03 21:22:38 - PHP Warning:  setcookie() expects parameter 2 to be string, array given in /var/www/test_project/opencart/catalog/controller/information/partnership.php on line 246
2017-09-03 21:23:02 - PHP Notice:  Undefined index: name in /var/www/test_project/opencart/catalog/controller/information/partnership.php on line 246
2017-09-03 21:23:02 - PHP Warning:  Cannot modify header information - headers already sent by (output started at /var/www/test_project/opencart/catalog/controller/startup/error.php:34) in /var/www/test_project/opencart/catalog/controller/information/partnership.php on line 246
2017-09-03 21:31:36 - PHP Notice:  Undefined index: name in /var/www/test_project/opencart/catalog/controller/information/partnership.php on line 228
2017-09-03 21:31:36 - PHP Warning:  Cannot modify header information - headers already sent by (output started at /var/www/test_project/opencart/catalog/controller/startup/error.php:34) in /var/www/test_project/opencart/catalog/controller/information/partnership.php on line 228
2017-09-03 21:33:38 - PHP Notice:  Undefined index: name in /var/www/test_project/opencart/catalog/controller/information/partnership.php on line 228
2017-09-03 21:33:38 - PHP Warning:  Cannot modify header information - headers already sent by (output started at /var/www/test_project/opencart/catalog/controller/startup/error.php:34) in /var/www/test_project/opencart/catalog/controller/information/partnership.php on line 228
2017-09-03 21:46:19 - PHP Warning:  Cannot modify header information - headers already sent by (output started at /var/www/test_project/opencart/catalog/controller/information/partnership.php:53) in /var/www/test_project/opencart/catalog/controller/information/partnership.php on line 229
2017-09-03 21:47:02 - PHP Warning:  Cannot modify header information - headers already sent by (output started at /var/www/test_project/opencart/catalog/controller/information/partnership.php:53) in /var/www/test_project/opencart/catalog/controller/information/partnership.php on line 229
2017-09-03 21:47:04 - PHP Warning:  Cannot modify header information - headers already sent by (output started at /var/www/test_project/opencart/catalog/controller/information/partnership.php:53) in /var/www/test_project/opencart/catalog/controller/information/partnership.php on line 229
2017-09-03 21:47:06 - PHP Warning:  Cannot modify header information - headers already sent by (output started at /var/www/test_project/opencart/catalog/controller/information/partnership.php:53) in /var/www/test_project/opencart/catalog/controller/information/partnership.php on line 229
2017-09-03 21:50:03 - PHP Warning:  Cannot modify header information - headers already sent by (output started at /var/www/test_project/opencart/catalog/controller/information/partnership.php:53) in /var/www/test_project/opencart/catalog/controller/information/partnership.php on line 229
2017-09-03 21:50:05 - PHP Warning:  Cannot modify header information - headers already sent by (output started at /var/www/test_project/opencart/catalog/controller/information/partnership.php:53) in /var/www/test_project/opencart/catalog/controller/information/partnership.php on line 229
2017-09-04 13:49:07 - PHP Notice:  Error: Could not load mail adaptor ! in /var/www/test_project/opencart/system/library/mail.php on line 36
2017-09-04 14:02:35 - PHP Notice:  Error: Could not load mail adaptor ! in /var/www/test_project/opencart/system/library/mail.php on line 36
2017-09-04 14:03:08 - PHP Notice:  Error: Could not load mail adaptor ! in /var/www/test_project/opencart/system/library/mail.php on line 36
2017-09-04 14:06:28 - PHP Notice:  Error: Could not load mail adaptor ! in /var/www/test_project/opencart/system/library/mail.php on line 36
2017-09-04 14:11:32 - PHP Notice:  Error: Could not load mail adaptor ! in /var/www/test_project/opencart/system/library/mail.php on line 36
2017-09-04 14:12:16 - PHP Notice:  Error: Could not load mail adaptor ! in /var/www/test_project/opencart/system/library/mail.php on line 36
2017-09-04 14:12:41 - PHP Notice:  Error: Could not load mail adaptor ! in /var/www/test_project/opencart/system/library/mail.php on line 36
2017-09-04 14:13:05 - PHP Notice:  Undefined index: enquiry in /var/www/test_project/opencart/catalog/controller/information/partnership.php on line 76
2017-09-04 14:13:30 - PHP Notice:  Undefined index: enquiry in /var/www/test_project/opencart/catalog/controller/information/partnership.php on line 76
2017-09-04 14:15:39 - PHP Notice:  Undefined index: enquiry in /var/www/test_project/opencart/catalog/controller/information/partnership.php on line 76
2017-09-04 14:17:03 - PHP Notice:  Undefined index: enquiry in /var/www/test_project/opencart/catalog/controller/information/partnership.php on line 76
2017-09-04 14:28:24 - PHP Notice:  Undefined index: config_email in /var/www/test_project/opencart/catalog/controller/information/partnership.php on line 73
2017-09-04 14:42:42 - PHP Notice:  Undefined index: config_email in /var/www/test_project/opencart/catalog/controller/information/partnership.php on line 73
2017-09-04 14:43:42 - PHP Warning:  fsockopen(): php_network_getaddresses: getaddrinfo failed: No address associated with hostname in /var/www/test_project/opencart/system/library/mail/smtp.php on line 87
2017-09-04 14:43:42 - PHP Warning:  fsockopen(): unable to connect to :25 (php_network_getaddresses: getaddrinfo failed: No address associated with hostname) in /var/www/test_project/opencart/system/library/mail/smtp.php on line 87
2017-09-04 14:58:55 - PHP Notice:  Undefined index: config_email in /var/www/test_project/opencart/catalog/controller/information/partnership.php on line 73
2017-09-05 11:58:38 - PHP Warning:  filesize() expects parameter 1 to be a valid path, array given in /var/www/test_project/opencart/catalog/controller/information/partnership.php on line 162
2017-09-05 11:58:38 - PHP Warning:  Cannot modify header information - headers already sent by (output started at /var/www/test_project/opencart/catalog/controller/startup/error.php:34) in /var/www/test_project/opencart/catalog/controller/information/partnership.php on line 219
2017-09-05 11:59:37 - PHP Warning:  filesize() expects parameter 1 to be a valid path, array given in /var/www/test_project/opencart/catalog/controller/information/partnership.php on line 162
2017-09-05 12:00:58 - PHP Warning:  filesize() expects parameter 1 to be a valid path, array given in /var/www/test_project/opencart/catalog/controller/information/partnership.php on line 162
2017-09-05 12:02:24 - PHP Warning:  filesize() expects parameter 1 to be a valid path, array given in /var/www/test_project/opencart/catalog/controller/information/partnership.php on line 181
2017-09-05 12:05:05 - PHP Warning:  filesize() expects parameter 1 to be a valid path, array given in /var/www/test_project/opencart/catalog/controller/information/partnership.php on line 168
2017-09-05 12:12:52 - PHP Warning:  filesize() expects parameter 1 to be a valid path, array given in /var/www/test_project/opencart/catalog/controller/information/partnership.php on line 168
2017-09-05 12:13:14 - PHP Warning:  filesize() expects parameter 1 to be a valid path, array given in /var/www/test_project/opencart/catalog/controller/information/partnership.php on line 168
2017-09-05 12:13:41 - PHP Warning:  filesize() expects parameter 1 to be a valid path, array given in /var/www/test_project/opencart/catalog/controller/information/partnership.php on line 184
2017-09-05 12:18:37 - PHP Warning:  filesize() expects parameter 1 to be a valid path, array given in /var/www/test_project/opencart/catalog/controller/information/partnership.php on line 86
2017-09-05 12:21:08 - PHP Notice:  Undefined index: tmp_name in /var/www/test_project/opencart/catalog/controller/information/partnership.php on line 88
2017-09-05 12:22:21 - PHP Warning:  Illegal offset type in /var/www/test_project/opencart/catalog/controller/information/partnership.php on line 88
2017-09-05 12:23:02 - PHP Notice:  Undefined index: tmp_name in /var/www/test_project/opencart/catalog/controller/information/partnership.php on line 88
2017-09-05 12:31:58 - PHP Warning:  Cannot modify header information - headers already sent by (output started at /var/www/test_project/opencart/catalog/controller/information/partnership.php:88) in /var/www/test_project/opencart/catalog/controller/information/partnership.php on line 229
2017-09-05 13:43:01 - PHP Warning:  fsockopen(): SSL: Handshake timed out in /var/www/test_project/opencart/system/library/mail/smtp.php on line 87
2017-09-05 13:43:01 - PHP Warning:  fsockopen(): Failed to enable crypto in /var/www/test_project/opencart/system/library/mail/smtp.php on line 87
2017-09-05 13:43:01 - PHP Warning:  fsockopen(): unable to connect to ssl://smtp.gmail.com:465 (Unknown error) in /var/www/test_project/opencart/system/library/mail/smtp.php on line 87
2017-09-05 13:49:34 - PHP Notice:  Undefined variable: size_file in /var/www/test_project/opencart/catalog/controller/information/partnership.php on line 89
2017-09-05 14:31:51 - PHP Warning:  fsockopen(): SSL: Handshake timed out in /var/www/test_project/opencart/system/library/mail/smtp.php on line 87
2017-09-05 14:31:51 - PHP Warning:  fsockopen(): Failed to enable crypto in /var/www/test_project/opencart/system/library/mail/smtp.php on line 87
2017-09-05 14:31:51 - PHP Warning:  fsockopen(): unable to connect to ssl://smtp.gmail.com:465 (Unknown error) in /var/www/test_project/opencart/system/library/mail/smtp.php on line 87
2017-09-05 15:29:18 - PHP Warning:  Missing argument 2 for ModelCatalogPartnership::getPartnerships(), called in /var/www/test_project/opencart/system/storage/modification/system/engine/loader.php on line 248 and defined in /var/www/test_project/opencart/admin/model/catalog/partnership.php on line 12
2017-09-05 15:29:19 - PHP Warning:  Missing argument 3 for ModelCatalogPartnership::getPartnerships(), called in /var/www/test_project/opencart/system/storage/modification/system/engine/loader.php on line 248 and defined in /var/www/test_project/opencart/admin/model/catalog/partnership.php on line 12
2017-09-05 15:29:19 - PHP Notice:  Array to string conversion in /var/www/test_project/opencart/admin/model/catalog/partnership.php on line 39
2017-09-05 15:29:19 - PHP Notice:  Undefined variable: sort_order in /var/www/test_project/opencart/admin/model/catalog/partnership.php on line 39
2017-09-06 18:03:52 - PHP Notice:  Undefined index: tax_form in /var/www/test_project/opencart/catalog/controller/information/partnership.php on line 174
2017-09-06 18:03:52 - PHP Warning:  Cannot modify header information - headers already sent by (output started at /var/www/test_project/opencart/catalog/controller/startup/error.php:34) in /var/www/test_project/opencart/catalog/controller/information/partnership.php on line 253
2017-09-06 18:45:18 - PHP Warning:  Division by zero in /var/www/test_project/opencart/system/library/template/Twig/Environment.php(405) : eval()'d code on line 196
2017-09-06 18:45:18 - PHP Warning:  Division by zero in /var/www/test_project/opencart/system/library/template/Twig/Environment.php(405) : eval()'d code on line 196
2017-09-06 20:42:43 - PHP Notice:  Use of undefined constant _ - assumed '_' in /var/www/test_project/opencart/catalog/controller/information/partnership.php on line 170
2017-09-06 20:42:57 - PHP Notice:  Use of undefined constant _ - assumed '_' in /var/www/test_project/opencart/catalog/controller/information/partnership.php on line 170
2017-09-06 20:53:04 - PHP Warning:  Cannot modify header information - headers already sent by (output started at /var/www/test_project/opencart/catalog/controller/information/partnership.php:168) in /var/www/test_project/opencart/catalog/controller/information/partnership.php on line 264
2017-09-06 21:25:05 - PHP Notice:  Undefined index: destination in /var/www/test_project/opencart/catalog/model/catalog/partnership.php on line 12
2017-09-06 21:28:24 - PHP Notice:  Undefined index: $destination in /var/www/test_project/opencart/catalog/model/catalog/partnership.php on line 12
2017-09-06 21:29:03 - PHP Notice:  Undefined index: $destination in /var/www/test_project/opencart/catalog/model/catalog/partnership.php on line 12
2017-09-08 14:53:48 - PHP Notice:  Undefined property: Request::$image in /var/www/test_project/opencart/catalog/controller/information/partnership.php on line 112
2017-09-08 14:53:48 - PHP Notice:  Undefined variable: our_mime_type1 in /var/www/test_project/opencart/catalog/controller/information/partnership.php on line 147
2017-09-08 14:55:18 - PHP Notice:  Undefined property: Request::$image in /var/www/test_project/opencart/catalog/controller/information/partnership.php on line 112
2017-09-08 14:55:18 - PHP Notice:  Undefined index: tax_form in /var/www/test_project/opencart/catalog/controller/information/partnership.php on line 208
2017-09-08 14:55:28 - PHP Notice:  Undefined property: Request::$image in /var/www/test_project/opencart/catalog/controller/information/partnership.php on line 112
2017-09-08 14:59:44 - PHP Notice:  Undefined property: Request::$image in /var/www/test_project/opencart/catalog/controller/information/partnership.php on line 112
2017-09-08 15:01:10 - PHP Notice:  Undefined property: Request::$file1 in /var/www/test_project/opencart/catalog/controller/information/partnership.php on line 112
2017-09-08 15:01:49 - PHP Notice:  Undefined property: Request::$file1 in /var/www/test_project/opencart/catalog/controller/information/partnership.php on line 112
2017-09-08 15:04:36 - PHP Notice:  Undefined property: Request::$file in /var/www/test_project/opencart/catalog/controller/information/partnership.php on line 112
2017-09-08 15:04:50 - PHP Notice:  Undefined index: file1 in /var/www/test_project/opencart/catalog/model/catalog/partnership.php on line 13
2017-09-08 15:13:29 - PHP Notice:  Undefined index: file1   in /var/www/test_project/opencart/catalog/model/catalog/partnership.php on line 13
2017-09-08 15:13:43 - PHP Notice:  Undefined index: file1 in /var/www/test_project/opencart/catalog/model/catalog/partnership.php on line 13
2017-09-08 15:15:50 - PHP Notice:  Undefined index: file1 in /var/www/test_project/opencart/catalog/model/catalog/partnership.php on line 13
2017-09-08 15:16:35 - PHP Notice:  Undefined index: file1 in /var/www/test_project/opencart/catalog/model/catalog/partnership.php on line 13
2017-09-08 15:17:41 - PHP Notice:  Undefined index: file1 in /var/www/test_project/opencart/catalog/model/catalog/partnership.php on line 13
2017-09-08 15:20:49 - PHP Notice:  Undefined index: file1 in /var/www/test_project/opencart/catalog/model/catalog/partnership.php on line 13
2017-09-08 15:21:22 - PHP Warning:  Illegal string offset 'file1' in /var/www/test_project/opencart/catalog/model/catalog/partnership.php on line 13
2017-09-08 15:32:35 - PHP Notice:  Undefined index: file1 in /var/www/test_project/opencart/catalog/controller/information/partnership.php on line 151
2017-09-08 15:32:35 - PHP Notice:  Undefined index: file1 in /var/www/test_project/opencart/catalog/model/catalog/partnership.php on line 13
2017-09-08 15:34:53 - PHP Notice:  Undefined index: file1 in /var/www/test_project/opencart/catalog/controller/information/partnership.php on line 151
2017-09-08 15:35:19 - PHP Notice:  Undefined index: file in /var/www/test_project/opencart/catalog/controller/information/partnership.php on line 151
2017-09-08 15:35:31 - PHP Notice:  Undefined index: file in /var/www/test_project/opencart/catalog/controller/information/partnership.php on line 151
2017-09-08 15:36:06 - PHP Notice:  Undefined index: file in /var/www/test_project/opencart/catalog/controller/information/partnership.php on line 291
2017-09-08 15:36:24 - PHP Notice:  Undefined index: file in /var/www/test_project/opencart/catalog/controller/information/partnership.php on line 291
2017-09-08 15:42:17 - PHP Notice:  Undefined index: tax_form in /var/www/test_project/opencart/catalog/controller/information/partnership.php on line 208
2017-09-08 15:42:28 - PHP Notice:  Undefined index: tax_form in /var/www/test_project/opencart/catalog/controller/information/partnership.php on line 208
2017-09-08 15:44:04 - PHP Notice:  Undefined index: tax_form in /var/www/test_project/opencart/catalog/controller/information/partnership.php on line 208
2017-09-08 15:45:07 - PHP Notice:  Trying to get property of non-object in /var/www/test_project/opencart/catalog/controller/information/partnership.php on line 180
2017-09-08 15:45:07 - PHP Notice:  Undefined index: tax_form in /var/www/test_project/opencart/catalog/controller/information/partnership.php on line 210
2017-09-08 15:45:57 - PHP Notice:  Trying to get property of non-object in /var/www/test_project/opencart/catalog/controller/information/partnership.php on line 180
2017-09-08 15:45:57 - PHP Notice:  Undefined index: tax_form in /var/www/test_project/opencart/catalog/controller/information/partnership.php on line 210
2017-09-08 15:46:59 - PHP Notice:  Trying to get property of non-object in /var/www/test_project/opencart/catalog/controller/information/partnership.php on line 180
2017-09-08 15:46:59 - PHP Notice:  Undefined index: file1 in /var/www/test_project/opencart/catalog/model/catalog/partnership.php on line 13
2017-09-08 15:47:45 - PHP Notice:  Trying to get property of non-object in /var/www/test_project/opencart/catalog/controller/information/partnership.php on line 152
2017-09-08 15:47:45 - PHP Notice:  Undefined index: file1 in /var/www/test_project/opencart/catalog/model/catalog/partnership.php on line 13
2017-09-08 15:48:08 - PHP Notice:  Trying to get property of non-object in /var/www/test_project/opencart/catalog/controller/information/partnership.php on line 152
2017-09-09 21:36:32 - PHP Notice:  Undefined index: file1 in /var/www/test_project/opencart/admin/controller/catalog/partnership.php on line 328
2017-09-09 21:38:36 - PHP Notice:  Undefined index: file1 in /var/www/test_project/opencart/admin/controller/catalog/partnership.php on line 328
2017-09-09 21:52:49 - PHP Notice:  Undefined index: file1 in /var/www/test_project/opencart/admin/controller/catalog/partnership.php on line 329
2017-09-09 21:58:09 - PHP Notice:  Undefined index: file1 in /var/www/test_project/opencart/admin/controller/catalog/partnership.php on line 329
2017-09-09 22:01:51 - PHP Warning:  file_get_contents() expects parameter 1 to be a valid path, array given in /var/www/test_project/opencart/admin/controller/catalog/partnership.php on line 334
2017-09-09 22:02:45 - PHP Warning:  file_get_contents() expects parameter 1 to be a valid path, array given in /var/www/test_project/opencart/admin/controller/catalog/partnership.php on line 334
2017-09-09 22:54:33 - PHP Notice:  Undefined index: id in /var/www/test_project/opencart/admin/controller/catalog/partnership.php on line 328
2017-09-09 22:59:24 - PHP Notice:  Undefined index: id in /var/www/test_project/opencart/admin/controller/catalog/partnership.php on line 329
2017-09-09 23:01:46 - PHP Notice:  Undefined index: id in /var/www/test_project/opencart/admin/controller/catalog/partnership.php on line 330
2017-09-09 23:03:24 - PHP Notice:  Undefined index: id in /var/www/test_project/opencart/admin/controller/catalog/partnership.php on line 330
2017-09-09 23:10:24 - PHP Notice:  Undefined index: id in /var/www/test_project/opencart/admin/controller/catalog/partnership.php on line 334
2017-09-10 15:40:32 - PHP Notice:  Undefined index: id in /var/www/test_project/opencart/admin/controller/catalog/partnership.php on line 334
2017-09-10 18:50:03 - PHP Warning:  file_put_contents() expects at least 2 parameters, 1 given in /var/www/test_project/opencart/admin/controller/catalog/partnership.php on line 350
2017-09-10 18:57:02 - PHP Warning:  file_put_contents() expects at least 2 parameters, 1 given in /var/www/test_project/opencart/admin/controller/catalog/partnership.php on line 350
2017-09-10 18:57:05 - PHP Warning:  file_put_contents() expects at least 2 parameters, 1 given in /var/www/test_project/opencart/admin/controller/catalog/partnership.php on line 350
2017-09-10 19:37:09 - PHP Warning:  Missing argument 1 for ModelCatalogPartnership::saveImage(), called in /var/www/test_project/opencart/system/storage/modification/system/engine/loader.php on line 248 and defined in /var/www/test_project/opencart/admin/model/catalog/partnership.php on line 74
2017-09-10 19:37:09 - PHP Notice:  Undefined variable: id in /var/www/test_project/opencart/admin/model/catalog/partnership.php on line 77
2017-09-10 20:24:47 - PHP Warning:  file_put_contents() expects at least 2 parameters, 1 given in /var/www/test_project/opencart/admin/controller/catalog/partnership.php on line 349
2017-09-10 20:30:53 - PHP Notice:  Array to string conversion in /var/www/test_project/opencart/admin/controller/catalog/partnership.php on line 351
2017-09-10 20:32:04 - PHP Warning:  file_put_contents() expects parameter 1 to be a valid path, array given in /var/www/test_project/opencart/admin/controller/catalog/partnership.php on line 351
2017-09-10 20:33:31 - PHP Warning:  file_put_contents(): Filename cannot be empty in /var/www/test_project/opencart/admin/controller/catalog/partnership.php on line 351
2017-09-10 20:33:54 - PHP Warning:  file_get_contents() expects parameter 1 to be a valid path, array given in /var/www/test_project/opencart/admin/controller/catalog/partnership.php on line 351
2017-09-10 20:39:14 - PHP Warning:  file_put_contents() expects parameter 1 to be a valid path, array given in /var/www/test_project/opencart/admin/controller/catalog/partnership.php on line 351
2017-09-10 20:39:16 - PHP Warning:  file_put_contents() expects parameter 1 to be a valid path, array given in /var/www/test_project/opencart/admin/controller/catalog/partnership.php on line 351
2017-09-10 20:41:21 - PHP Warning:  file_put_contents() expects parameter 1 to be a valid path, array given in /var/www/test_project/opencart/admin/controller/catalog/partnership.php on line 351
2017-09-10 20:41:37 - PHP Warning:  file_put_contents() expects parameter 1 to be a valid path, array given in /var/www/test_project/opencart/admin/controller/catalog/partnership.php on line 351
2017-09-10 20:42:07 - PHP Warning:  file_put_contents() expects parameter 1 to be a valid path, resource given in /var/www/test_project/opencart/admin/controller/catalog/partnership.php on line 351
2017-09-10 20:42:09 - PHP Warning:  file_put_contents() expects parameter 1 to be a valid path, resource given in /var/www/test_project/opencart/admin/controller/catalog/partnership.php on line 351
2017-09-10 20:42:10 - PHP Warning:  file_put_contents() expects parameter 1 to be a valid path, resource given in /var/www/test_project/opencart/admin/controller/catalog/partnership.php on line 351
2017-09-10 20:42:10 - PHP Warning:  file_put_contents() expects parameter 1 to be a valid path, resource given in /var/www/test_project/opencart/admin/controller/catalog/partnership.php on line 351
2017-09-10 20:43:16 - PHP Warning:  file_put_contents() expects parameter 1 to be a valid path, resource given in /var/www/test_project/opencart/admin/controller/catalog/partnership.php on line 351
2017-09-14 18:02:45 - PHP Warning:  file_put_contents(~/home/file.jpg): failed to open stream: No such file or directory in /var/www/test_project/opencart/admin/controller/catalog/partnership.php on line 351
2017-09-14 18:03:29 - PHP Warning:  file_put_contents(~/file.jpg): failed to open stream: No such file or directory in /var/www/test_project/opencart/admin/controller/catalog/partnership.php on line 351
2017-09-14 18:05:43 - PHP Warning:  file_put_contents(var/www/test_project/opencart/admin/file.jpg): failed to open stream: No such file or directory in /var/www/test_project/opencart/admin/controller/catalog/partnership.php on line 351
2017-09-14 18:06:14 - PHP Notice:  Array to string conversion in /var/www/test_project/opencart/admin/controller/catalog/partnership.php on line 351
2017-09-14 18:07:21 - PHP Warning:  file_put_contents() expects parameter 1 to be a valid path, array given in /var/www/test_project/opencart/admin/controller/catalog/partnership.php on line 351
2017-09-14 18:14:18 - PHP Notice:  Array to string conversion in /var/www/test_project/opencart/admin/controller/catalog/partnership.php on line 348
2017-09-14 18:16:12 - PHP Notice:  Undefined index: file1 in /var/www/test_project/opencart/admin/controller/catalog/partnership.php on line 348
2017-09-14 18:23:55 - PHP Warning:  fopen() expects at least 2 parameters, 1 given in /var/www/test_project/opencart/admin/controller/catalog/partnership.php on line 354
2017-09-15 15:53:02 - PHP Warning:  imagecreatefromjpeg(): gd-jpeg, libjpeg: recoverable error: 
 in /var/www/test_project/opencart/system/library/image.php on line 47
2017-09-15 15:55:14 - PHP Warning:  imagecreatefromjpeg(): gd-jpeg, libjpeg: recoverable error: 
 in /var/www/test_project/opencart/system/library/image.php on line 47
2017-09-15 15:55:15 - PHP Warning:  imagecreatefromjpeg(): gd-jpeg, libjpeg: recoverable error: 
 in /var/www/test_project/opencart/system/library/image.php on line 47
2017-09-15 15:55:16 - PHP Warning:  imagecreatefromjpeg(): gd-jpeg, libjpeg: recoverable error: 
 in /var/www/test_project/opencart/system/library/image.php on line 47
2017-09-15 15:55:17 - PHP Warning:  imagecreatefromjpeg(): gd-jpeg, libjpeg: recoverable error: 
 in /var/www/test_project/opencart/system/library/image.php on line 47
2017-09-15 15:55:40 - PHP Warning:  imagecreatefromjpeg(): gd-jpeg, libjpeg: recoverable error: 
 in /var/www/test_project/opencart/system/library/image.php on line 47
2017-09-15 15:55:41 - PHP Warning:  imagecreatefromjpeg(): gd-jpeg, libjpeg: recoverable error: 
 in /var/www/test_project/opencart/system/library/image.php on line 47
2017-09-15 18:38:27 - PHP Warning:  imagecreatefromjpeg(): gd-jpeg, libjpeg: recoverable error: 
 in /var/www/test_project/opencart/system/library/image.php on line 47
2017-09-15 18:44:32 - PHP Warning:  imagecreatefromjpeg(): gd-jpeg, libjpeg: recoverable error: 
 in /var/www/test_project/opencart/system/library/image.php on line 47
2017-09-17 14:32:26 - PHP Notice:  Undefined index: tax_form in /var/www/test_project/opencart/catalog/controller/information/partnership.php on line 210
2017-09-17 14:35:22 - PHP Warning:  imagecreatefromjpeg(): gd-jpeg, libjpeg: recoverable error: 
 in /var/www/test_project/opencart/system/library/image.php on line 47
